0 silly input [ 'build' ]
1 silly flags { _: [ 'run' ],
1 silly flags   'reject-cycles': false,
1 silly flags   rejectCycles: false,
1 silly flags   script: 'build',
1 silly flags   args: [] }
2 verbose rootPath /Users/kedmenecr/Projects/Learn/Github/car-share
3 info version 2.11.0
4 silly existsSync /Users/kedmenecr/Projects/Learn/Github/car-share/VERSION
5 silly initialize attempt
6 silly initialize success
7 silly execute attempt
8 silly runScriptInDir build [] common
9 silly getExecOpts { cwd:
9 silly getExecOpts    '/Users/kedmenecr/Projects/Learn/Github/car-share/packages/common' }
10 silly runScriptInDir build [] controller
11 silly getExecOpts { cwd:
11 silly getExecOpts    '/Users/kedmenecr/Projects/Learn/Github/car-share/packages/controller' }
12 silly runScriptInDir build [] web
13 silly getExecOpts { cwd:
13 silly getExecOpts    '/Users/kedmenecr/Projects/Learn/Github/car-share/packages/web' }
14 error build Errored while running script in '@car-share/web'
15 error execute callback with error
16 error Error: Command failed: npm run build
16 error
16 error npm ERR! Darwin 17.6.0
16 error npm ERR! argv "/usr/local/bin/node" "/Users/kedmenecr/node_modules/.bin/npm" "run" "build"
16 error npm ERR! node v10.6.0
16 error npm ERR! npm  v3.10.10
16 error npm ERR! code ELIFECYCLE
16 error npm ERR! @car-share/web@1.0.0 build: `rimraf ./dist && tsc`
16 error npm ERR! Exit status 2
16 error npm ERR!
16 error npm ERR! Failed at the @car-share/web@1.0.0 build script 'rimraf ./dist && tsc'.
16 error npm ERR! Make sure you have the latest version of node.js and npm installed.
16 error npm ERR! If you do, this is most likely a problem with the @car-share/web package,
16 error npm ERR! not with npm itself.
16 error npm ERR! Tell the author that this fails on your system:
16 error npm ERR!     rimraf ./dist && tsc
16 error npm ERR! You can get information on how to open an issue for this project with:
16 error npm ERR!     npm bugs @car-share/web
16 error npm ERR! Or if that isn't available, you can get their info via:
16 error npm ERR!     npm owner ls @car-share/web
16 error npm ERR! There is likely additional logging output above.
16 error
16 error npm ERR! Please include the following file with any support request:
16 error npm ERR!     /Users/kedmenecr/Projects/Learn/Github/car-share/packages/web/npm-debug.log
16 error
16 error > @car-share/web@1.0.0 build /Users/kedmenecr/Projects/Learn/Github/car-share/packages/web
16 error > rimraf ./dist && tsc
16 error
16 error src/apollo.ts(1,31): error TS2307: Cannot find module 'apollo-cache-inmemory'.
16 error src/apollo.ts(2,30): error TS2307: Cannot find module 'apollo-client'.
16 error src/apollo.ts(3,26): error TS2307: Cannot find module 'apollo-link-http'.
16 error src/modules/register/RegisterConnector.tsx(2,36): error TS2307: Cannot find module '@car-share/controller'.
16 error src/modules/register/ui/RegisterView.tsx(2,36): error TS2307: Cannot find module 'antd'.
16 error src/modules/register/ui/RegisterView.tsx(3,62): error TS2307: Cannot find module 'formik'.
16 error src/modules/register/ui/RegisterView.tsx(4,33): error TS2307: Cannot find module '@car-share/common'.
16 error src/modules/register/ui/RegisterView.tsx(61,24): error TS7006: Parameter 'values' implicitly has an 'any' type.
16 error src/modules/register/ui/RegisterView.tsx(61,34): error TS7031: Binding element 'props' implicitly has an 'any' type.
16 error src/modules/register/ui/RegisterView.tsx(61,41): error TS7031: Binding element 'setErrors' implicitly has an 'any' type.
16 error src/modules/shared/InputField.tsx(2,28): error TS2307: Cannot find module 'formik'.
16 error src/modules/shared/InputField.tsx(3,29): error TS2307: Cannot find module 'antd'.
16 error
16 error     at Promise.all.then.arr (/usr/local/lib/node_modules/lerna/node_modules/execa/index.js:236:11)
